gpg-pubkey-5323552a-6112bcdc 1628617948 0 (none) installed
libgcc-12.2.1-2.fc37.x86_64 1662899245 219148 6711e5f66a4d9342ecb9d9ae04aa14d0 installed
crypto-policies-20220815-1.gite4ed860.fc37.noarch 1660555471 118945 963bf720a29286e29af3b607971397a4 installed
fedora-release-identity-basic-37-14.noarch 1665449666 645 01ebe6264b6566b0b8f599606753a3ff installed
tzdata-2022d-1.fc37.noarch 1664149814 1730108 8edee4d83b40b70cea8b3ae0d8370004 installed
rust-srpm-macros-22-1.fc37.noarch 1658746666 2447 0072fadd9ec29fd945228a0da84452e9 installed
qt5-srpm-macros-5.15.6-1.fc37.noarch 1663751517 492 6e51ea4a20e493e98264bb9bbae0df72 installed
publicsuffix-list-dafsa-20210518-5.fc37.noarch 1658504910 68815 7f0de8e75359dd47a9efb42d83f9aa58 installed
pkgconf-m4-1.8.0-3.fc37.noarch 1658502037 14187 ffdd39255883db4ee3048076c9deef22 installed
perl-srpm-macros-1-46.fc37.noarch 1658495245 861 684f7320ca2abfbd3124adca9ca115cb installed
pcre2-syntax-10.40-1.fc37.1.noarch 1658458794 234324 c7049ba2acb485b294867b25aff9bb5a installed
package-notes-srpm-macros-0.5-6.fc37.noarch 1662221603 1580 6b613bd73d0725f016ba5386c8751b70 installed
openblas-srpm-macros-2-12.fc37.noarch 1658455495 104 1e26278f9668513c6bcef0a3d67663a3 installed
ocaml-srpm-macros-7-2.fc37.noarch 1658453873 19724 b31da372b106d9681d4c915fc70de9c2 installed
nim-srpm-macros-3-7.fc37.noarch 1658451091 1098 5adbf2b02998d1e229ad42937904bd20 installed
ncurses-base-6.3-3.20220501.fc37.noarch 1658449841 311920 6b2c874c5440418edfe8151b9669a847 installed
libssh-config-0.10.4-1.fc37.noarch 1662559596 277 17a3d13516c072b95cedd0272e493de9 installed
kernel-srpm-macros-1.0-15.fc37.noarch 1658419361 1064 20ff90dec51eba11d082c4f50ad0ab98 installed
gnat-srpm-macros-4-16.fc37.noarch 1658387378 725 e494058ba6cb63fefa72808e8f2b5267 installed
ghc-srpm-macros-1.5.0-7.fc37.noarch 1658384044 535 f382f77cbc863c7863e8c842acd830d7 installed
fpc-srpm-macros-1.3-6.fc37.noarch 1658374747 144 2c7cee8429824491c2af321a308f5a55 installed
fedora-gpg-keys-37-1.noarch 1665437208 121815 0018e9dad3804003a36ebc7c8d9c9f76 installed
fedora-release-37-14.noarch 1665449666 0 f82515294232e05933269103ed83dd97 installed
fedora-repos-37-1.noarch 1665437208 4597 07b068029f6d4908fa83d9a58220ca51 installed
fedora-release-common-37-14.noarch 1665449666 18198 91aef952d2fd3103b5081942c61b72a1 installed
setup-2.14.1-2.fc37.noarch 1658565236 735847 8ec4471b34518048a15d206b6197805f installed
filesystem-3.18-2.fc37.x86_64 1660051669 106 06b4552bf0052ac92ddfa54ea4752196 installed
basesystem-11-14.fc37.noarch 1658354281 0 3da201290498971f72c539de2298b324 installed
glibc-gconv-extra-2.36-7.fc37.x86_64 1666035594 8298388 2ff4cb2581bad743d07aae88fe09e5e0 installed
glibc-minimal-langpack-2.36-7.fc37.x86_64 1666035594 0 1f6f402dff2ca987be80439218a59094 installed
glibc-common-2.36-7.fc37.x86_64 1666035594 1058084 d83b0cd5eeed9cea4de525c0694c4eda installed
glibc-2.36-7.fc37.x86_64 1666035594 6744011 cdee13f608dae922ab34908479f3c4ed installed
ncurses-libs-6.3-3.20220501.fc37.x86_64 1658449836 1015279 880245e2af86a6e1fdf199a8e88a1498 installed
bash-5.1.16-4.fc37.x86_64 1664288858 7739739 781c234251118a5be05c456456ab9737 installed
zlib-1.2.12-5.fc37.x86_64 1661928572 207238 17dc9f42fa7ca1dc88168125b8b62dd8 installed
xz-libs-5.2.5-10.fc37.x86_64 1658583897 177501 46b350d554f3c2d75872ef2e503857b4 installed
bzip2-libs-1.0.8-12.fc37.x86_64 1658356577 78860 bfd2b5b0461f5db08ec3c3c11f61c47d installed
elfutils-libelf-0.187-8.fc37.x86_64 1661356746 1027313 f63f2f0a01d505e1e0d3bcca41687915 installed
libstdc++-12.2.1-2.fc37.x86_64 1662899245 2667678 b6c68309bec6ccdfa0090fce622e80d1 installed
libuuid-2.38.1-1.fc37.x86_64 1659622281 34589 6591cadd008a75a3c26b3a4d861a9b78 installed
libzstd-1.5.2-3.fc37.x86_64 1658585212 755203 2d89df62db8f58ff24236f4f1c3021a3 installed
popt-1.19-1.fc37.x86_64 1663337635 136394 a5a2b6d006cf2057d841a0f1ab6cd8f7 installed
libblkid-2.38.1-1.fc37.x86_64 1659622281 235153 b10c0955f4f9ea5444753a85ae97e917 installed
readline-8.1-7.fc37.x86_64 1658539106 493052 372041b9a86bd966747284da064cbf76 installed
gmp-1:6.2.1-3.fc37.x86_64 1658388515 818607 a0f7c527ccdb3edc6f32f67ea88d9b4a installed
libattr-2.5.1-5.fc37.x86_64 1658353200 29525 31f2fa31d9eb99b54db18a6fea97466e installed
libacl-2.3.1-4.fc37.x86_64 1658348950 37178 167886cd2d2145ee761a5f8705180c2b installed
libcap-2.48-5.fc37.x86_64 1658426655 182399 bdc83ea891f8ab32fb3a26e73bdf80a4 installed
libxcrypt-4.4.28-3.fc37.x86_64 1660114782 275578 13b780b16d248029ce39ce04ce066b9a installed
lz4-libs-1.9.3-5.fc37.x86_64 1658438941 145587 e1a75b560c1f4e07c674e2cb7191e6d1 installed
systemd-libs-251.6-609.fc37.x86_64 1665696817 1791648 11d8f7275f7501ce2a86d3e22eed0d3b installed
mpfr-4.1.0-10.fc37.x86_64 1658447967 810855 d115f342ee1bab69462ed33fc01b44e3 installed
dwz-0.14-7.fc37.x86_64 1658367204 281838 19952df44e8f14204546957ae429e3bf installed
unzip-6.0-58.fc37.x86_64 1658576390 401923 06fff0d0c0833e08c0f37b75bb51846f installed
file-libs-5.42-4.fc37.x86_64 1658843368 9408525 4f85eb321c42694cc50e861544cfa9df installed
file-5.42-4.fc37.x86_64 1658843368 99618 e21fab48d9048c120491fb666dd6a613 installed
sqlite-libs-3.39.2-2.fc37.x86_64 1659091161 1386930 b97c6ed2fe0f34f023b8c1db74fabb9e installed
alternatives-1.19-3.fc37.x86_64 1658358685 63960 bd9091977d53e3c276b86b9cdcf4c1ff installed
libcap-ng-0.8.3-3.fc37.x86_64 1658426871 78604 75480b766624cdd60555317f1278dccc installed
audit-libs-3.0.9-1.fc37.x86_64 1661810807 307569 5b906e35c71d404b6ac2822b616c11cf installed
libcom_err-1.46.5-3.fc37.x86_64 1658367488 69137 839a06b8c17f2f66b02bc773ca687c32 installed
libeconf-0.4.0-4.fc37.x86_64 1658427746 46363 571dbe3f751974ccec18c2194709e514 installed
pam-libs-1.5.2-14.fc37.x86_64 1658457791 131047 ae9a8ab567c5008786c4da4b4432f44b installed
libsepol-3.4-3.fc37.x86_64 1658432666 785051 54c76e1ae01a37e22c7d605f80e4e2fe installed
libsmartcols-2.38.1-1.fc37.x86_64 1659622281 140163 ecb1e05d2864693ec7b45f8597179b86 installed
libunistring-1.0-2.fc37.x86_64 1658433261 1853515 8402e46e4a285d2a0ee26e9b628a0cbb installed
libidn2-2.3.3-2.fc37.x86_64 1658429080 318987 c3863b3bb52bb86269a8e58fd8da67a3 installed
lua-libs-5.4.4-4.fc37.x86_64 1658436343 556062 a6d1624ee99e2f9de27dbfbbdddb32b9 installed
libpsl-0.21.1-6.fc37.x86_64 1658431171 78704 43defd0b321b21eb5291d3502672d529 installed
zip-3.0-33.fc37.x86_64 1658584912 713015 a6b9638543a185cb61845caab438e5a6 installed
zstd-1.5.2-3.fc37.x86_64 1658585212 1608952 f76465a3e72692488c715bf5fb7e9836 installed
libfdisk-2.38.1-1.fc37.x86_64 1659622281 388427 1e2c2b2938ea3623dfce614d0bb8cb1e installed
bzip2-1.0.8-12.fc37.x86_64 1658356577 94357 36f42d6ea8a077c8411508e0933283cd installed
libxml2-2.9.14-3.fc37.x86_64 1658433863 1962630 a5c724f094a59bf8ec9ba6b999102f95 installed
ed-1.18-2.fc37.x86_64 1658367909 143520 b754090550749fc2b9cf4af7302487c1 installed
elfutils-default-yama-scope-0.187-8.fc37.noarch 1661356729 1810 77dcc6ba2137060c1613365398129770 installed
cpio-2.13-13.fc37.x86_64 1658361054 1084112 ecc9a10133b80996af5dc0fbc6f5708e installed
diffutils-3.8-3.fc37.x86_64 1658364492 1511011 8b7d6d83e73ef9a682bf3f821276a453 installed
gdbm-libs-1:1.23-2.fc37.x86_64 1658378004 129074 bd553975cc217d6437abef98798ffc8c installed
cyrus-sasl-lib-2.1.28-8.fc37.x86_64 1660840526 2441914 776c04d7d9d772e7488badc30f06b341 installed
keyutils-libs-1.6.1-5.fc37.x86_64 1658420094 55977 0fd8c54b1373c9f3749346ad9132fcba installed
libbrotli-1.0.9-9.fc37.x86_64 1658355805 780770 b11939bdb88016628ea0f170d59c36f8 installed
libdb-5.3.28-53.fc37.x86_64 1658427705 1943502 e9e3036028d3718a9d45ed0522bef2b5 installed
libffi-3.4.2-9.fc37.x86_64 1658428140 66457 ec257e0f47abad6774d48e6e66b1cbed installed
p11-kit-0.24.1-3.fc37.x86_64 1658457671 1678051 4cc8175ec7cc3ecea52ae62a3d78df8a installed
libgomp-12.2.1-2.fc37.x86_64 1662899245 446109 20aaa36c0948f9f60629804615426a4b installed
libnghttp2-1.49.0-1.fc37.x86_64 1661245266 174908 368786aaabec101432b4b3d0fb8afeb9 installed
libpkgconf-1.8.0-3.fc37.x86_64 1658502037 76137 d9d0c7934b88dfc016376662c0b0869a installed
pkgconf-1.8.0-3.fc37.x86_64 1658502037 81635 cbf5fb3d30de913471c4630c4c57af39 installed
pkgconf-pkg-config-1.8.0-3.fc37.x86_64 1658502037 989 16a1bf82b09ab8b693a997775cf92339 installed
libsigsegv-2.14-3.fc37.x86_64 1658432071 50697 47064aee48af24db536b1a471659b05c installed
gawk-5.1.1-4.fc37.x86_64 1658377756 1714954 11f0e4036176096d82294e3a1896c644 installed
libtasn1-4.18.0-3.fc37.x86_64 1658432573 184146 ee772f8536b612f82a993e1a0656ce02 installed
p11-kit-trust-0.24.1-3.fc37.x86_64 1658457671 451583 e56cd5ce3e371dc757f692d53546c48c installed
libverto-0.3.2-4.fc37.x86_64 1658433447 30469 8008d2ade779c6b9fafeb07be283e402 installed
pcre-8.45-1.fc37.2.x86_64 1658458764 547780 462b3aef48429d9424ddebf59d799a11 installed
grep-3.7-4.fc37.x86_64 1658409045 883087 a908c75392d4cb445885afc9132b3e9f installed
xz-5.2.5-10.fc37.x86_64 1658583897 686091 ae352cd7a21d2af6d115569526853736 installed
pcre2-10.40-1.fc37.1.x86_64 1658458783 658130 d2383c3c858f594ad409a5e94a9428a6 installed
libselinux-3.4-5.fc37.x86_64 1658431931 177901 c9377f302337a89dc2b5e2d3b9a2b60c installed
sed-4.8-11.fc37.x86_64 1658565386 813695 a9a4766ac0e08ec6d82923ac7cdda97c installed
findutils-1:4.9.0-2.fc37.x86_64 1658373417 1539951 8d375bc97bb119d39063d9804990fce0 installed
libmount-2.38.1-1.fc37.x86_64 1659622281 319493 b7a0dd02ae2b39d891e189fa995c3b9a installed
util-linux-core-2.38.1-1.fc37.x86_64 1659622281 1348645 3b35cef33bcb2b4358ab5ddb7196f145 installed
libsemanage-3.4-5.fc37.x86_64 1658770353 304182 d3215689a11b2f6f2410d8f0cfd5346f installed
shadow-utils-2:4.12.3-2.fc37.x86_64 1663309418 4034358 0b34a0e8d76d7fb8b16164dc93b6e4cb installed
libutempter-1.2.1-7.fc37.x86_64 1658433551 59609 52e6eb52075fd2fa1c68a01d8f0a9a6f installed
patch-2.7.6-17.fc37.x86_64 1658458415 253330 369444c3b4611c78a8007054272c5d24 installed
tar-2:1.34-3.fc36.x86_64 1642819001 3156470 012796c638f65e67aee9fc85bbf2c2c0 installed
xxhash-libs-0.8.1-3.fc37.x86_64 1658583917 92960 53e541dc25205ebb3c5dc15a533ede22 installed
coreutils-common-9.1-6.fc37.x86_64 1659972277 11297419 05e1b29a8cccfed84997d5cae6d6f966 installed
openssl-libs-1:3.0.5-3.fc37.x86_64 1667320069 6875955 64210648f1b559a85af2b8c1b2bb55c0 installed
coreutils-9.1-6.fc37.x86_64 1659972277 5946194 2a920a345c48864bc18f19df78e30a3e installed
ca-certificates-2022.2.54-5.fc37.noarch 1659035866 2345059 01499d64ae0f36603a8163479af806fa installed
krb5-libs-1.19.2-11.fc37.1.x86_64 1658423635 2200724 f9d340f233a09ce30f9ecd495ee41c0f installed
libtirpc-1.3.3-0.fc37.x86_64 1659968339 208370 796080b81bc44a79d1cb6d57cbeffa53 installed
authselect-libs-1.4.0-3.fc37.x86_64 1658353243 976010 d57049ec8766560276607324c4e3b950 installed
gzip-1.12-2.fc37.x86_64 1658411961 389821 b34fd1a3c8414c3b0e32a0a2c1989716 installed
cracklib-2.9.7-30.fc37.x86_64 1661868332 250217 7f07548881d6c1033d083ccb13f4aa24 installed
libpwquality-1.4.4-11.fc37.x86_64 1658431166 416228 c651c040b94324310d4a2a3d1b0f2b7f installed
authselect-1.4.0-3.fc37.x86_64 1658353243 159256 b6843ad9b4f4fb8576d08e610a9724c8 installed
libnsl2-2.0.0-4.fc37.x86_64 1658430657 59646 69afaffb1a6f1ccad601e2d8cb44fda7 installed
pam-1.5.2-14.fc37.x86_64 1658457791 1863745 47cf272e09d6529977589d7f20dcc4ca installed
libssh-0.10.4-1.fc37.x86_64 1662559581 520499 fd250a6e2d8c23ba55ddfa8fe936c62d installed
libarchive-3.6.1-2.fc37.x86_64 1658426394 924008 3ef73f5995441b5624ed2f8d30ef718c installed
libevent-2.1.12-7.fc37.x86_64 1658428355 932570 f121a8bb693b02192a9bb3194d5a3e17 installed
openldap-2.6.3-1.fc37.x86_64 1660794981 656482 c31c2f384139818130a0e43a56dab590 installed
libcurl-7.85.0-1.fc37.x86_64 1662043801 697766 8a893c55e25901047d394ce51158b672 installed
elfutils-libs-0.187-8.fc37.x86_64 1661356746 682917 60012c943333f5e3e987b2697bf0d500 installed
elfutils-debuginfod-client-0.187-8.fc37.x86_64 1661356746 58422 de57d8c7cafef20b1af5a3b440b5250b installed
binutils-gold-2.38-24.fc37.x86_64 1662544639 2184219 65e1204db7051088cb35d0d107ac4c6d installed
binutils-2.38-24.fc37.x86_64 1662544639 25701845 39750bb06b4dd4784c3e9403c4531470 installed
elfutils-0.187-8.fc37.x86_64 1661356746 2788449 3f9f90e0d16d5ccac835be9eb50f3b58 installed
gdb-minimal-12.1-4.fc37.x86_64 1658378544 12928092 c63d1c00f0ab33bca93314a7826cf946 installed
debugedit-5.0-5.fc37.x86_64 1658363835 195341 8f9528a7768b67bfaf9cad5380c64ff2 installed
curl-7.85.0-1.fc37.x86_64 1662043801 711747 619231220891427c713d64cd1aa9a32d installed
rpm-4.18.0-1.fc37.x86_64 1663757470 2971123 bf9fef82f747f74080562818774c028e installed
rpm-libs-4.18.0-1.fc37.x86_64 1663757470 800356 09b0bcb54078fdd7307507080203f28f installed
rpm-build-libs-4.18.0-1.fc37.x86_64 1663757470 203814 e11bf1b383954d333cfea4b2c5409042 installed
efi-srpm-macros-5-6.fc37.noarch 1658367915 41111 80361979a6c58df9b86181e9089dfea9 installed
lua-srpm-macros-1-7.fc37.noarch 1658435328 1314 7095995ab7bbdc086dd86ada8fe60c4f installed
rpmautospec-rpm-macros-0.3.0-1.fc37.noarch 1658916011 707 7b44d6f501e98c3ff9de16f26fbb6cd6 installed
ansible-srpm-macros-1-7.fc37.noarch 1660847114 96 73c2f71d7d30edf21788593340ac32d3 installed
fonts-srpm-macros-1:2.0.5-9.fc37.noarch 1661250967 56610 6f167468f7d0c90574bc6308adc054b2 installed
go-srpm-macros-3.2.0-1.fc37.noarch 1662141846 60838 35a7caf8b9a48e1a9e7aee42bb0c87d2 installed
python-srpm-macros-3.11-4.fc37.noarch 1658527929 44346 3c510b95e6dee0f9bf12049daea0fe41 installed
redhat-rpm-config-228-1.fc37.noarch 1661204784 195662 fd7fbad8e48653382747ace827c62959 installed
rpm-build-4.18.0-1.fc37.x86_64 1663757470 186811 3e9b4a9c80f9fbdec59a7481c27c205f installed
util-linux-2.38.1-1.fc37.x86_64 1659622281 11586621 97b5720382d3096704c11e10768738f0 installed
which-2.21-35.fc37.x86_64 1659706068 81905 01e089109986c5a3659d8bfa3a3fd2c5 installed
info-6.8-4.fc37.x86_64 1658571978 504133 28824a38de0b56f35362bca407f93cac installed
libgpg-error-1.45-2.fc37.x86_64 1658428813 891574 2656634f924ae00274e7e509e1d3f812 installed
libassuan-2.5.5-5.fc37.x86_64 1658426219 171221 d3a342a3690ab60534303c40e0bbb0f9 installed
sgml-common-0.6.3-59.fc37.noarch 1658565373 172087 20f951dde0002daa9638d0016dc6c995 installed
m4-1.4.19-4.fc37.x86_64 1658439370 599646 b3f2fbba5fada8f4e987238203bfabca installed
zlib-devel-1.2.12-5.fc37.x86_64 1661928572 142107 5acbdc368565a0490ed7ac04108363fa installed
libxslt-1.1.37-1.fc37.x86_64 1661789079 485616 9ae286ad81668bd45b4a47084a58ebb8 installed
libjpeg-turbo-2.1.3-2.fc37.x86_64 1658429220 663244 d3795bdb6d3c545bf026ccd392902f3a installed
gettext-libs-0.21-19.0.20220203.fc37.x86_64 1663040664 933588 d4198682dd2498089020483a297e9c46 installed
expat-2.4.8-2.fc37.x86_64 1658371692 285678 c9844609134d1401de37562791744eea installed
libgpg-error-devel-1.45-2.fc37.x86_64 1658428813 233353 a42612f3906eda71038b6fbbb5543f7a installed
zchunk-libs-1.2.3-1.fc37.x86_64 1663361285 100058 bdcf58230bffdfa4bede21deec175af3 installed
libsolv-0.7.22-3.fc37.x86_64 1658432182 910874 e059573743568df7693755451b7d59b2 installed
xml-common-0.6.3-59.fc37.noarch 1658565373 80280 551ed1993336fb4c5e039a0a8b30f737 installed
docbook-dtds-1.0-80.fc37.noarch 1658365221 8665321 0104a53578ee49b16b39b5b6f450631a installed
docbook-style-xsl-1.79.2-17.fc37.noarch 1658365075 16312283 6f274fe254e4dfdcc52c280ae9bc0820 installed
libyaml-0.2.5-8.fc37.x86_64 1658433958 134251 0d5d30bd9e6b7c98291317b2f7589d30 installed
libseccomp-2.5.3-3.fc37.x86_64 1658432499 175636 d6e07bcbab94854838ef55daf6da2dd7 installed
libpng-2:1.6.37-13.fc37.x86_64 1658431116 244495 c28e7ea30b5b1bbebe1cbf4500810cd4 installed
libmpc-1.2.1-5.fc37.x86_64 1658430255 138725 239f77bb0b6d040fe4d0ace4b09f9020 installed
libfsverity-1.4-8.fc37.x86_64 1658376204 29872 c19d5655b0671f6fdbf247558a947604 installed
json-c-0.16-2.fc37.x86_64 1658417595 80555 946bce7baba6e7b61620edbbefa0f226 installed
cmake-filesystem-3.24.1-1.fc37.x86_64 1660809087 0 313631198d2a31ed7e4f6449fe9db4ba installed
checkpolicy-3.4-3.fc37.x86_64 1658358456 1528264 9718d61d1f39d51a75c5738844485463 installed
libjpeg-turbo-devel-2.1.3-2.fc37.x86_64 1658429220 351893 e15289e1eb97f03099291bd462d775ee installed
tpm2-tss-3.2.0-3.fc37.x86_64 1658936512 2240563 497854aa273acb4bcc9d934885746261 installed
ima-evm-utils-1.4-6.fc37.x86_64 1658414734 151247 e669904e70879a166bfe6993f9c1b76a installed
cpp-12.2.1-2.fc37.x86_64 1662899245 32036636 3ea1f6bc72bc36400a90aa55ba692a24 installed
libpng-devel-2:1.6.37-13.fc37.x86_64 1658431116 905901 853a66cb2f9ea60bec10b17f9eb9bfaa installed
libassuan-devel-2.5.5-5.fc37.x86_64 1658426219 80659 15b0dc2fbe77f7cec9b07c39c93edfb6 installed
libcomps-0.1.18-4.fc37.x86_64 1658427431 215175 b4c78dba6229a261d1053fe94cfcb66f installed
flex-2.6.4-11.fc37.x86_64 1658374224 923765 ba1413d1091947fa182fa1a3b3d7d461 installed
opensp-1.5.2-40.fc37.x86_64 1658456469 2971390 d3212d88d4b6689843d8bd8e75cfaf10 installed
openjade-1.3.2-70.fc37.x86_64 1658455964 3875902 f257916adf11325ed106436cd5d1bd04 installed
libgcrypt-1.10.1-4.fc37.x86_64 1658428536 1401065 80014938a42c1ccca209e13042b0d230 installed
libksba-1.6.2-1.fc37.x86_64 1665142493 405858 1258b94e583b2852c28f0187daeb8601 installed
xz-devel-5.2.5-10.fc37.x86_64 1658583897 206635 56d2e24d7ba2e3909dffda1e126abd83 installed
xorg-x11-proto-devel-2022.2-2.fc37.noarch 1660178608 1806993 98c1ecfb56b6c3d074f7b4e88a59fc2d installed
sysprof-capture-devel-3.46.0-1.fc37.x86_64 1663668197 342255 e0c61c88add14deafff4013c31cd8cb5 installed
python-setuptools-wheel-62.6.0-2.fc37.noarch 1658528511 877431 a01676864fb3cc63ad51622fc98dcbdb installed
python-pip-wheel-22.2.2-2.fc37.noarch 1662485732 1533767 c0b2692881e8e730301e7cf3313e5b72 installed
pcre2-utf32-10.40-1.fc37.1.x86_64 1658458783 551832 be8e55de15eb4c53bc38d47ba7363527 installed
pcre2-utf16-10.40-1.fc37.1.x86_64 1658458783 580568 84b644b95d3a9a3d0f14e2b7a9913dbb installed
pcre2-devel-10.40-1.fc37.1.x86_64 1658458783 1980925 9a8229be088e2348912383bb2bec75ff installed
npth-1.6-9.fc37.x86_64 1658451579 50699 a2ea8888dc6eaf4bb6a7330935de0918 installed
nettle-3.8-2.fc37.x86_64 1658450803 789198 50cadff91abc755093c37f9358ece8c1 installed
gnutls-3.7.7-1.fc37.x86_64 1659097659 3245713 365de8daa742454c96aa96501ece3ac8 installed
glib2-2.74.0-3.fc37.x86_64 1664298423 13923225 53c2de32a86b43d4ac9dbeaf9633bf8e installed
shared-mime-info-2.2-2.fc37.x86_64 1658565369 5276077 db3475c0bf18769f1458abaee9eccc69 installed
libmodulemd-2.14.0-4.fc37.x86_64 1658430224 733445 5fb60266c629776552f67c6594608ca4 installed
gnupg2-2.3.7-3.fc37.x86_64 1659349570 9307396 77b6f9e97beb88f1142c89c34edb9d8a installed
gpgme-1.17.0-4.fc37.x86_64 1658408505 584644 825a79cd104f190055a26407ff99e3cc installed
librepo-1.14.4-1.fc37.x86_64 1661266941 238100 c3dde609c9b9282d30356e231c4429f8 installed
libdnf-0.68.0-1.fc37.x86_64 1660672155 2114349 3f507e71ad13cbbc38a62f740548e55b installed
ostree-libs-2022.5-2.fc37.x86_64 1658521966 1093726 5bee3b4eec9fd81d2da735594be55c47 installed
rpm-sign-libs-4.18.0-1.fc37.x86_64 1663757470 40676 fa458c3796ba162a934fad9953b0b88a installed
gdk-pixbuf2-2.42.9-2.fc37.x86_64 1664377094 2594562 69c4085d057b2bc79d6f01668426f726 installed
libxmlb-0.3.10-1.fc37.x86_64 1662891476 299850 d357546d1219cd5e9939d86c613f0516 installed
gobject-introspection-1.74.0-1.fc37.x86_64 1663589030 961345 a20c72898825f0be48595ffea7c14db5 installed
json-glib-1.6.6-3.fc37.x86_64 1658417733 551852 f567452afa60c5d2074c62dc34068309 installed
malcontent-libs-0.11.0-1.fc37.x86_64 1662991754 116842 e83eb75a8d10ae8ee55b875183ad8d07 installed
polkit-libs-121-4.fc37.x86_64 1660556217 209128 59616eeefa686ade6c0fbb0042bd53d4 installed
ncurses-6.3-3.20220501.fc37.x86_64 1658449836 625295 8933fae9e3db36bc9f2bd04f982af2ef installed
mpdecimal-2.5.1-4.fc37.x86_64 1658448115 252339 5d46fee5775c6da19f6d5aef7c4a8f89 installed
lynx-2.9.0-dev.10.2.fc37.1.x86_64 1658438405 6460082 4ca464cc87e1e6bf1851b6c964a251c8 installed
libwebp-1.2.4-2.fc37.x86_64 1663846157 781427 cbeffb8c827b955aad55663b21848f69 installed
libtool-ltdl-2.4.7-2.fc37.x86_64 1658432805 72216 6869279103575246ed2b2d051ce25e88 installed
libstemmer-0-19.585svn.fc37.x86_64 1658432457 352609 360616395ef8f0c542c27a1e4546d354 installed
libsepol-devel-3.4-3.fc37.x86_64 1658432666 122613 aabe4e006d79dab033ea99e90feba4c8 installed
libselinux-devel-3.4-5.fc37.x86_64 1658431931 128270 950bd7e1c8c1bbff338b93dbb670b671 installed
libselinux-utils-3.4-5.fc37.x86_64 1658431931 363050 3a64be0c0a3061b3b7d239ef6335109c installed
policycoreutils-3.4-6.fc37.x86_64 1659514398 716208 39190b0abd40ca491a9decde20a1a0e3 installed
selinux-policy-37.12-2.fc37.noarch 1663947284 25743 db574c6f2c8a33a68e33e0c7f876a4d4 installed
selinux-policy-targeted-37.12-2.fc37.noarch 1663947284 18882228 0a50cf0c3d63d267558b91519bf4c0c6 installed
libreport-filesystem-2.17.4-1.fc37.noarch 1663176103 0 0bf6a995187761b531662fd69dde90bb installed
dnf-data-4.14.0-1.fc37.noarch 1662728718 39096 b7475ce9088ec16100540efecb8347ed installed
libffi-devel-3.4.2-9.fc37.x86_64 1658428140 33846 15cb7ec55ecbc8e5c392c53e50a8f3bd installed
libblkid-devel-2.38.1-1.fc37.x86_64 1659622281 18108 031c2f00a88f642367960beab0049136 installed
libmount-devel-2.38.1-1.fc37.x86_64 1659622281 37402 88ea27c9ac83a207d64d7f9f0374082c installed
libb2-0.98.1-7.fc37.x86_64 1658426603 39382 09ccda1d3cda38b9660c21a49f0c0a25 installed
python3-3.11.0~rc2-1.fc37.x86_64 1663068447 33609 d2148818120f365483bcea0c9dfe40f2 installed
python3-libs-3.11.0~rc2-1.fc37.x86_64 1663068447 46469607 df260eb504e80fbaf71dc9ee89ef7dba installed
glib2-devel-2.74.0-3.fc37.x86_64 1664298423 3345283 58af1bdd23d9fac95ce931bd13917295 installed
python3-libdnf-0.68.0-1.fc37.x86_64 1660672155 3966642 ed54deef65742f6dd8820391d8f3703e installed
python3-libselinux-3.4-5.fc37.x86_64 1658431931 642502 ad2eb6fff802db52ce040df2c386ff45 installed
python3-libsemanage-3.4-5.fc37.x86_64 1658770353 440397 f28ed2576930af64fa28449b6cce47ab installed
python3-hawkey-0.68.0-1.fc37.x86_64 1660672155 314468 641b16f5280f5ec61063a93365e92b73 installed
polkit-docs-121-4.fc37.noarch 1660556231 957397 5f4f5ceba6b9a8aff46883f9a3593501 installed
polkit-devel-121-4.fc37.x86_64 1660556217 401004 c4499383bd0d8302f3eac963afa29ace installed
python3-libcomps-0.1.18-4.fc37.x86_64 1658427431 147200 be7a3fbc319eceec5240bb8d520c0ac0 installed
python3-audit-3.0.9-1.fc37.x86_64 1661810807 359457 9c4178fcce148b3ce5db98c9b2d8e6f4 installed
python3-gpg-1.17.0-4.fc37.x86_64 1658408505 1527239 6b2a50dacd55a00e2769feca0ca0e150 installed
python3-lxml-4.9.1-1.fc37.x86_64 1663248579 4472262 b27cfb14ddec750c039eaf15eb0b59fb installed
python3-markdown-3.4.1-1.fc37.noarch 1660471107 676990 5a7eb15abfc816045d1ee0a2a29d1008 installed
python3-markupsafe-2.1.1-3.fc37.x86_64 1658520276 58655 9157e7f5c73170d5f4b50fd0aed3fc08 installed
python3-mako-1.1.4-9.fc37.noarch 1658520197 728776 f9044f1de1ced042c0e7bf46208e55f0 installed
python3-pygments-2.12.0-4.fc37.noarch 1658524778 10228649 17b47a904eca3dc0a56e92e6667cbdcc installed
python3-rpm-4.18.0-1.fc37.x86_64 1663757470 385805 273bbd7063f4e51b350d8a356a328ee1 installed
python3-dnf-4.14.0-1.fc37.noarch 1662728718 2819260 31938bbcdd61cb5f054978ffae3fc313 installed
dnf-4.14.0-1.fc37.noarch 1662728718 2422729 e4fb6f7f93ad90a1c2f52a8f7fcbce21 installed
python3-setuptools-62.6.0-2.fc37.noarch 1658528511 8845636 4ab150770f22aef0370f16db3a9984a5 installed
python3-setools-4.4.0-9.fc37.x86_64 1658565139 2620681 a3aa95c10fc2fb122728ddb913250fbc installed
python3-policycoreutils-3.4-6.fc37.noarch 1659514397 6237390 374afe5eae82feed458b176711bea610 installed
policycoreutils-python-utils-3.4-6.fc37.noarch 1659514397 119581 c57d07e150925fb653f3d473a8950d27 installed
libXau-1.0.10-1.fc37.x86_64 1661842680 68341 14e48f45eeabca21d62c69b4eec79798 installed
kmod-libs-30-2.fc37.x86_64 1658422199 147510 c810a6fcd901d06fc1036d4c6ee606e3 installed
kernel-headers-5.19.4-300.fc37.x86_64 1661453881 6027306 13ee1d61bff16ef7b2b42197e71eb599 installed
jbigkit-libs-2.1-24.fc37.x86_64 1658416565 116975 9e8acfbd12b6eef2b9e33db2497f217f installed
libtiff-4.4.0-4.fc37.x86_64 1659342334 579961 56bdc615a347914a27e0a99949225607 installed
libtiff-devel-4.4.0-4.fc37.x86_64 1659342334 1755618 6d5b47f0a7f08592cfb5c6d19d904a82 installed
groff-base-1.22.4-10.fc37.x86_64 1658409975 4088235 8c3771e4a8b99b8976039ba936ff4a09 installed
perl-Text-Tabs+Wrap-2021.0814-489.fc37.noarch 1658491789 23228 2f8c732e95dbf73f5263ba4af6ec624a installed
perl-if-0:0.61.000-492.fc37.noarch 1661848215 6895 708067635ed84e8ebcf6cf498c034016 installed
perl-Time-Local-2:1.300-489.fc37.noarch 1658492221 67344 2a1e64ea89d7aade25dfa0ca6b8580c9 installed
perl-File-Path-2.18-489.fc37.noarch 1658470763 65333 40417ccce9cf879eae5d7cadd549757b installed
perl-Pod-Escapes-1:1.07-489.fc37.noarch 1658485830 25764 a64afd85b4dec0d983a544925f98f90c installed
perl-Class-Struct-0:0.66-492.fc37.noarch 1661848215 26954 a0cbb52d58b58b4c886864a50bc2de9e installed
perl-POSIX-0:2.03-492.fc37.x86_64 1661848230 251125 0c10c3f0b2593e576ce835194b5e7a75 installed
perl-Term-ANSIColor-5.01-490.fc37.noarch 1658489078 100303 dce925fbd01e3af11587b8911371194f installed
perl-IPC-Open3-0:1.22-492.fc37.noarch 1661848215 24964 d137e13dd7773e767b4546be16278ff6 installed
perl-HTTP-Tiny-0.082-1.fc37.noarch 1658839730 154995 fd7687c636e88e7e59720702ea970f4c installed
perl-subs-0:1.04-492.fc37.noarch 1661848215 3105 2150dcf46834598b6308c37fb6002989 installed
perl-File-Temp-1:0.231.100-489.fc37.noarch 1658471042 166550 1a36836f9c835834710ea65bc8984470 installed
perl-Term-Cap-1.17-489.fc37.noarch 1658489077 29853 2f757515b2166553bd5bb48eeec0619d installed
perl-Pod-Simple-1:3.43-490.fc37.noarch 1658486010 577394 851426d633b3e3507c71ac86cc7b622e installed
perl-Socket-4:2.036-1.fc37.x86_64 1661157009 125744 93ee310668eec02be07c13d369f9eb67 installed
perl-SelectSaver-0:1.02-492.fc37.noarch 1661848215 3170 95ce811a40a971564e9d5c8b84f7c086 installed
perl-Symbol-0:1.09-492.fc37.noarch 1661848215 7952 ab075bdccacec51a8f4dabdac3e89f22 installed
perl-File-stat-0:1.12-492.fc37.noarch 1661848215 13946 03332bb37f8abf6e30ff12160f1c3d70 installed
perl-podlators-1:4.14-489.fc37.noarch 1658495107 288743 c24bf842322c7d587637506637807722 installed
perl-Pod-Perldoc-3.28.01-490.fc37.noarch 1658485952 170969 f303c56ed15afe20fd83d4ba7a27115e installed
perl-Fcntl-0:1.15-492.fc37.x86_64 1661848230 30596 5b8ee509be1228ec2d7808c667be507a installed
perl-Text-ParseWords-3.31-489.fc37.noarch 1658491584 14117 7bedf60773eb833b68b19e4f759933fe installed
perl-mro-0:1.26-492.fc37.x86_64 1661848230 43947 153e98528210c5678db9805f45a39800 installed
perl-IO-0:1.50-492.fc37.x86_64 1661848230 161600 1e7231095a081aede747272211f86fc7 installed
perl-overloading-0:0.02-492.fc37.noarch 1661848215 5894 65489cfe4b86d2fe11d7aa8fdf3364d2 installed
perl-Pod-Usage-4:2.03-3.fc37.noarch 1658486070 87328 68c15f3f6455da23e21aaa87459509aa installed
perl-Errno-0:1.36-492.fc37.x86_64 1661848230 9505 9995584eddcceea333d6b15f1c913b97 installed
perl-File-Basename-0:2.85-492.fc37.noarch 1661848215 15339 413b2a93e082df44f9e5f4189021e4ab installed
perl-Getopt-Std-0:1.13-492.fc37.noarch 1661848215 12304 9b005d8ecb40eff150fa504bab1339e1 installed
perl-MIME-Base64-3.16-489.fc37.x86_64 1658475730 48064 9b4e2653bdf6d129aadf28d6914ddfd5 installed
perl-Scalar-List-Utils-5:1.63-489.fc37.x86_64 1660135083 150401 f9a21c911f988ad2ea0ff3db82bdcf8a installed
perl-constant-1.33-490.fc37.noarch 1658494525 27105 ef7a75959f8c2f20554e632009ee0e9d installed
perl-Storable-1:3.26-489.fc37.x86_64 1658488084 237537 9d64d92d961e87c046e14f7566cf053d installed
perl-overload-0:1.35-492.fc37.noarch 1661848215 73037 df934760492394f5ea658d2a5db9927a installed
perl-parent-1:0.238-489.fc37.noarch 1658494968 9535 d8467172f6373072f5e09311e7fa88f4 installed
perl-vars-0:1.05-492.fc37.noarch 1661848215 4926 f8b2f2a1aa02fef9073732ffe0b8c114 installed
perl-Getopt-Long-1:2.52-489.fc37.noarch 1658471813 139937 5f1b50161fc1793fe16256f38ab30f04 installed
perl-Carp-1.52-489.fc37.noarch 1658461907 47925 fb5df78cf8b61f0b17b57e04f7b6e47b installed
perl-Exporter-5.77-489.fc37.noarch 1658469919 55777 ed23a1a0c364b84c43c51aff71a77f09 installed
perl-PathTools-3.84-489.fc37.x86_64 1658485277 182327 2cc19e5b9529f79017e0786d0f939f9e installed
perl-DynaLoader-0:1.52-492.fc37.x86_64 1661848230 33831 bc03e885b13937ac980995751319c158 installed
perl-Encode-4:3.19-492.fc37.x86_64 1660562267 10243375 e708da8d6e8c516db504f321c8b2a42d installed
perl-libs-4:5.36.0-492.fc37.x86_64 1661848230 9184245 107bbce9d3ab4c2c2afb989bcb04afb3 installed
perl-interpreter-4:5.36.0-492.fc37.x86_64 1661848230 122765 b24dd54711fcda61c90e7aa241684b54 installed
perl-threads-1:2.27-489.fc37.x86_64 1658495157 114475 32f1fe52af8661cb3aa946f5bb2bfebd installed
perl-threads-shared-1.64-489.fc37.x86_64 1658495124 82205 5359fe7b8e278c7b6e71244ca8ad38c9 installed
perl-Thread-Queue-3.14-489.fc37.noarch 1658492062 29828 d6291b297c9af4d0b68575ed20c77a58 installed
docbook-style-dsssl-1.79-34.fc37.noarch 1658364959 2308527 8b9155ecf6d1aa11bb2eb1b16d0a62bc installed
perl-SGMLSpm-1.03ii-57.fc37.noarch 1658486882 72774 008e37beed65c92f81081b7e30610b84 installed
docbook-utils-0.6.14-55.fc37.noarch 1658365006 160594 5af8ec7c863e2b5b8ceaafc3dd7b5464 installed
perl-Data-Dumper-2.184-490.fc37.x86_64 1658465224 114633 a81593adc74684ebddc0ca3deac53522 installed
perl-B-0:1.83-492.fc37.x86_64 1661848230 517725 208f3520bb860455885d29097abd1107 installed
perl-File-Compare-0:1.100.700-492.fc37.noarch 1661848215 6578 3a70f1e3983307e61324aafe67f7d21c installed
perl-File-Copy-0:2.39-492.fc37.noarch 1661848215 20799 cda8cb3eb00af1f1c708aaf51cccdb73 installed
perl-File-Find-0:1.40-492.fc37.noarch 1661848215 39533 e7b4d823a23e4af9cbb04c83970ad930 installed
glibc-headers-x86-2.36-7.fc37.noarch 1666035603 2213386 d22ceb0fa875399eb8c7a12bc3197a0a installed
libxcrypt-devel-4.4.28-3.fc37.x86_64 1660114782 30989 71d71034beceb3dc6fc7370ee97740dc installed
glibc-devel-2.36-7.fc37.x86_64 1666035594 99264 20afeed4a0026117a7e52668d9e56eb8 installed
gettext-envsubst-0.21-19.0.20220203.fc37.x86_64 1663040664 72219 9f8b79bab2316f0d90470aa2af8a2481 installed
gettext-runtime-0.21-19.0.20220203.fc37.x86_64 1663040664 602425 70c66bd5e60560fc0addeec84541ae90 installed
gettext-0.21-19.0.20220203.fc37.x86_64 1663040664 4790494 886af8b3456ca220dce588f5a12a4f6c installed
gettext-common-devel-0.21-19.0.20220203.fc37.noarch 1663040685 407064 0116d970eacaceb2f87483f72c5ee314 installed
gc-8.0.6-4.fc37.x86_64 1658377904 242688 00f842ef5d4e3cae492ddecfa9c124e3 installed
guile22-2.2.7-6.fc37.x86_64 1658412049 45854673 4e15c57744e545cfc2e72d6e83d62cf3 installed
make-1:4.3-11.fc37.x86_64 1658438997 1729214 4739bee816b7a7f74c534ad62062b780 installed
gcc-12.2.1-2.fc37.x86_64 1662899245 95315682 7b3e1a9411fa96eb02a314b5c8b7317e installed
policycoreutils-devel-3.4-6.fc37.x86_64 1659514398 334497 8e44626189d0d8ce9545fc72f731a9a9 installed
selinux-policy-devel-37.12-2.fc37.noarch 1663947284 14320618 622f8fad7a86bf8f23ee8af6e6169ad2 installed
fuse-libs-2.9.9-15.fc37.x86_64 1658376499 313622 5511cf5a45a722700cca056dc7fe6f9c installed
emacs-filesystem-1:28.1-3.fc37.noarch 1658368858 0 c99cd951cc63b7c04e29899bbc9f3cc8 installed
autoconf-2.71-3.fc37.noarch 1658353171 2538350 b3a4af37cea5bc3ae6cb853b3b6b8482 installed
automake-1.16.5-9.fc37.noarch 1659522817 1826459 a962f3a1eabbb99e94b14048f5e6cfee installed
libtool-2.4.7-2.fc37.x86_64 1658432805 2775185 f4c9ce60e8c8a6a26619ee7e5543f467 installed
dbus-common-1:1.14.2-1.fc37.noarch 1664264243 11504 2137736a42524c9eebedde06718616e4 installed
dbus-broker-32-1.fc37.x86_64 1659702182 405400 a40ecbb5da106d25107f9cff90585acc installed
dbus-1:1.14.2-1.fc37.x86_64 1664264252 0 7e39e7f8318d27420b00f98d290699dd installed
dconf-0.40.0-7.fc37.x86_64 1658363410 312704 1983ab34606bfcfa163a2c5b8f52d8e9 installed
systemd-pam-251.6-609.fc37.x86_64 1665696817 975977 043f02c7c019f1cd8d1ac9595754990b installed
systemd-251.6-609.fc37.x86_64 1665696817 13240385 cd44a9a5842f14cdb07f94c65fb15c3b installed
appstream-data-37-4.fc37.noarch 1663780295 13270644 2ca96ac7aa348d8b00f691adf9036cbc installed
appstream-0.15.4-2.fc37.x86_64 1658351636 2936245 1348298b9ccfedeca33c2bc1876afa66 installed
annobin-docs-10.81-1.fc37.noarch 1660227747 91361 beba7c196a6a1e3c63ecb83b1dccf1bf installed
annobin-plugin-gcc-10.81-1.fc37.x86_64 1660227737 903905 dddcc25b973897b1430b768cf2ca49ed installed
appstream-devel-0.15.4-2.fc37.x86_64 1658351636 5335230 df679bdfcf00f9574f465e8a72239667 installed
dconf-devel-0.40.0-7.fc37.x86_64 1658363410 202899 0a8efecdf1bc4e91ffed2a38460f8fd9 installed
xdg-dbus-proxy-0.1.3-2.fc37.x86_64 1658581342 91889 65b16b51a7bdc8be26f286d17bb291c7 installed
gobject-introspection-devel-1.74.0-1.fc37.x86_64 1663589030 13706102 99eb8dd909bd7315897d96f5db0699be installed
fuse-devel-2.9.9-15.fc37.x86_64 1658376499 127356 dd63c8ae4b2a45e3b3b9a8af0f7b6041 installed
gcc-plugin-annobin-12.2.1-2.fc37.x86_64 1662899245 54202 bd49bc6110e95ced548334920191c222 installed
gettext-devel-0.21-19.0.20220203.fc37.x86_64 1663040664 559342 db1b778e9dc7ea45143f8d0b5071e1b2 installed
gtk-doc-1.33.2-6.fc37.x86_64 1658410934 3149337 29c9c61b5e056e4a8b52fa81537300af installed
gdk-pixbuf2-devel-2.42.9-2.fc37.x86_64 1664377094 2378954 b3a42e8f74cbebbba23234ca4769d6cc installed
libXau-devel-1.0.10-1.fc37.x86_64 1661842680 6537 1410e7901d68575d02a1982e3ce27d40 installed
gpgme-devel-1.17.0-4.fc37.x86_64 1658408505 299063 03f6d85965300f685fa3b6d36e55f762 installed
json-glib-devel-1.6.6-3.fc37.x86_64 1658417733 2687681 942f8c2c857ecfd7f0ace0ea611fb83c installed
malcontent-devel-0.11.0-1.fc37.x86_64 1662991754 134664 34adc23ef2fc506ee6c9ad58879669e5 installed
ostree-devel-2022.5-2.fc37.x86_64 1658521966 2733526 f4ee17d327a8e11c67b742b0296454c7 installed
python3-pyparsing-3.0.9-2.fc37.noarch 1658505852 1032873 89c4aa9a8305d776737ec4c662d3a6c1 installed
libxml2-devel-2.9.14-3.fc37.x86_64 1658433863 9264392 6ffa77518f240c418fd7d23f606e44de installed
xmlto-0.0.28-18.fc37.x86_64 1658582682 117463 83073d494acf856eec5aff253eed74b7 installed
libseccomp-devel-2.5.3-3.fc37.x86_64 1658432499 115494 e20ee832903345739580e8f37ae8eb99 installed
bison-3.8.2-3.fc37.x86_64 1658355161 3684221 b12e5b703bae5f19bf89e277d7afb9ca installed
systemd-rpm-macros-251.6-609.fc37.noarch 1665696804 10135 d0f3381b62328fce53f8bddf41690f1c installed
systemd-devel-251.6-609.fc37.x86_64 1665696817 465704 74cf02e0b84844c21a8e9e2d4ed2ee27 installed
rpm-plugin-selinux-4.18.0-1.fc37.x86_64 1663757470 16635 ceeb42455a52588983270185a3019d94 installed
libzstd-devel-1.5.2-3.fc37.x86_64 1658585212 178548 4ae0c9ab0eb9159bb2e7712a59698f75 installed
libcurl-devel-7.85.0-1.fc37.x86_64 1662043801 1407279 9cb3224824ed24ec9b75c374d098d9dc installed
libcap-devel-2.48-5.fc37.x86_64 1658426655 26673 f2cce84678e3a55b5f93eb1eba187cdd installed
libarchive-devel-3.6.1-2.fc37.x86_64 1658426394 182827 a05a22ec794b1ead2d9e85602cd88fab installed
bubblewrap-0.5.0-3.fc37.x86_64 1658356226 115805 e01b9adfd2f47f7b8ab931a23c92694c installed
